<?xml version="1.0" encoding="utf-8"?><testsuites name="pytest tests"><testsuite name="pytest" errors="0" failures="0" skipped="0" tests="15" time="6.534" timestamp="2026-09-07T09:07:41.213207+00:00" hostname="agent-env-9686cb17-f4f8-4817-b7d5-4867bd0172af"><testcase classname="tests.test_iteration7_activity_membership.TestDemoPremiumAndMembership" name="test_demo_login_is_premium" time="0.603" /><testcase classname="tests.test_iteration7_activity_membership.TestDemoPremiumAndMembership" name="test_demo_membership_no_pricing" time="0.128" /><testcase classname="tests.test_iteration7_activity_membership.TestFreshUserGating" name="test_membership_free_by_default" time="0.284" /><testcase classname="tests.test_iteration7_activity_membership.TestFreshUserGating" name="test_discover_402_when_free" time="0.124" /><testcase classname="tests.test_iteration7_activity_membership.TestFreshUserGating" name="test_put_me_402_when_free" time="0.127" /><testcase classname="tests.test_iteration7_activity_membership.TestFreshUserGating" name="test_inbox_402_when_free" time="0.140" /><testcase classname="tests.test_iteration7_activity_membership.TestFreshUserGating" name="test_activate_makes_premium" time="0.308" /><testcase classname="tests.test_iteration7_activity_membership.TestFreshUserGating" name="test_cancel_reverts_to_free" time="0.256" /><testcase classname="tests.test_iteration7_activity_membership.TestFreshUserGating" name="test_reactivate_ok" time="0.122" /><testcase classname="tests.test_iteration7_activity_membership.TestMinglePhotos" name="test_stores_4_photos_and_sets_photo_url" time="0.252" /><testcase classname="tests.test_iteration7_activity_membership.TestMinglePhotos" name="test_5_photos_rejected_or_truncated" time="0.145" /><testcase classname="tests.test_iteration7_activity_membership.TestNotifications" name="test_actions_create_and_readall" time="2.372" /><testcase classname="tests.test_iteration7_activity_membership.TestNotifications" name="test_self_action_no_notification" time="0.652" /><testcase classname="tests.test_iteration7_activity_membership.TestMingleInbox" name="test_demo_inbox_contains_seeded_and_fresh" time="0.144" /><testcase classname="tests.test_iteration7_activity_membership.TestMingleInbox" name="test_interested_back_removes_marcus_and_pass_removes_next" time="0.795" /></testsuite></testsuites>