<?xml version="1.0" encoding="utf-8"?><testsuites name="pytest tests"><testsuite name="pytest" errors="0" failures="0" skipped="0" tests="8" time="2.572" timestamp="2026-09-08T03:21:49.354007+00:00" hostname="agent-env-9686cb17-f4f8-4817-b7d5-4867bd0172af"><testcase classname="tests.test_iteration12_reactions" name="test_react_purple_heart" time="0.625" /><testcase classname="tests.test_iteration12_reactions" name="test_react_double_bang" time="0.154" /><testcase classname="tests.test_iteration12_reactions" name="test_react_pink_heart_rejected" time="0.141" /><testcase classname="tests.test_iteration12_reactions" name="test_react_speaking_head_rejected" time="0.136" /><testcase classname="tests.test_iteration12_reactions" name="test_react_null_removes" time="0.324" /><testcase classname="tests.test_iteration12_reactions" name="test_like_toggle_defaults_to_purple" time="0.411" /><testcase classname="tests.test_iteration12_reactions" name="test_no_legacy_emojis_in_summaries" time="0.158" /><testcase classname="tests.test_iteration12_reactions" name="test_no_legacy_emojis_in_trading_summaries" time="0.297" /></testsuite></testsuites>