<?xml version="1.0" encoding="utf-8"?><testsuites name="pytest tests"><testsuite name="pytest" errors="0" failures="0" skipped="0" tests="9" time="1.475" timestamp="2026-09-08T23:56:52.939108+00:00" hostname="agent-env-9686cb17-f4f8-4817-b7d5-4867bd0172af"><testcase classname="tests.test_iteration15_billing_waitlist_admin.TestMembershipNotifyBilling" name="test_notify_billing_requires_auth" time="0.189" /><testcase classname="tests.test_iteration15_billing_waitlist_admin.TestAdminBillingWaitlist" name="test_no_token_returns_401" time="0.220" /><testcase classname="tests.test_iteration15_billing_waitlist_admin.TestAdminBillingWaitlist" name="test_invalid_token_returns_401" time="0.084" /><testcase classname="tests.test_iteration15_billing_waitlist_admin.TestMembershipNotifyBilling" name="test_membership_shows_notified_billing_false_before" time="0.230" /><testcase classname="tests.test_iteration15_billing_waitlist_admin.TestAdminBillingWaitlist" name="test_non_admin_returns_403" time="0.204" /><testcase classname="tests.test_iteration15_billing_waitlist_admin.TestMembershipNotifyBilling" name="test_notify_billing_persists_and_idempotent" time="0.373" /><testcase classname="tests.test_iteration15_billing_waitlist_admin.TestAdminBillingWaitlist" name="test_admin_returns_200_with_items" time="0.350" /><testcase classname="tests.test_iteration15_billing_waitlist_admin.TestAdminPromotion" name="test_admin_email_auto_promoted" time="0.236" /><testcase classname="tests.test_iteration15_billing_waitlist_admin.TestAdminPromotion" name="test_regular_signup_is_not_admin" time="0.108" /></testsuite></testsuites>