<?xml version="1.0" encoding="utf-8"?><testsuites name="pytest tests"><testsuite name="pytest" errors="0" failures="1" skipped="0" tests="18" time="43.302" timestamp="2026-09-07T22:00:14.711156+00:00" hostname="agent-env-9686cb17-f4f8-4817-b7d5-4867bd0172af"><testcase classname="tests.test_iteration9_reactions_voice.TestReactions" name="test_react_fire" time="0.728" /><testcase classname="tests.test_iteration9_reactions_voice.TestReactions" name="test_react_change_to_money" time="0.170" /><testcase classname="tests.test_iteration9_reactions_voice.TestReactions" name="test_react_unknown_emoji_rejected" time="0.145" /><testcase classname="tests.test_iteration9_reactions_voice.TestReactions" name="test_get_posts_exposes_my_reaction" time="0.170" /><testcase classname="tests.test_iteration9_reactions_voice.TestReactions" name="test_get_post_detail_exposes_reactions" time="0.133" /><testcase classname="tests.test_iteration9_reactions_voice.TestReactions" name="test_second_user_adds_to_summary" time="0.515" /><testcase classname="tests.test_iteration9_reactions_voice.TestReactions" name="test_remove_reaction" time="0.123" /><testcase classname="tests.test_iteration9_reactions_voice.TestReactions" name="test_legacy_like_toggle_uses_heart" time="0.393" /><testcase classname="tests.test_iteration9_reactions_voice.TestReactionNotifications" name="test_reaction_flow_creates_single_notification" time="1.293" /><testcase classname="tests.test_iteration9_reactions_voice.TestReactionNotifications" name="test_self_reaction_no_notification" time="0.511" /><testcase classname="tests.test_iteration9_reactions_voice.TestMingleReactions" name="test_mingle_react_and_identity" time="2.188" /><testcase classname="tests.test_iteration9_reactions_voice.TestVoiceMessages" name="test_upload_audio_returns_type_audio" time="0.280" /><testcase classname="tests.test_iteration9_reactions_voice.TestVoiceMessages" name="test_send_voice_message" time="2.134" /><testcase classname="tests.test_iteration9_reactions_voice.TestVoiceMessages" name="test_voice_validation_duration_over_60" time="0.127" /><testcase classname="tests.test_iteration9_reactions_voice.TestVoiceMessages" name="test_voice_validation_bad_url" time="0.152" /><testcase classname="tests.test_iteration9_reactions_voice.TestVoiceMessages" name="test_empty_body_rejected" time="0.127" /><testcase classname="tests.test_iteration9_reactions_voice.TestVoiceMessages" name="test_text_and_gif_messages_still_work" time="0.248" /><testcase classname="tests.test_iteration9_reactions_voice.TestVoiceMessagesMingleBlock" name="test_block_prevents_voice_both_directions" time="33.679"><failure message="requests.exceptions.ConnectTimeout: HTTPSConnectionPool(host='level-up-hub-85.preview.emergentagent.com', port=443): Max retries exceeded with url: /api/conversations/conv_3f2a146528c7/messages (Caused by ConnectTimeoutError(&lt;HTTPSConnection(host='level-up-hub-85.preview.emergentagent.com', port=443) at 0xff90e6e8add0&gt;, 'Connection to level-up-hub-85.preview.emergentagent.com timed out. (connect timeout=15)'))">/root/.venv/lib/python3.11/site-packages/urllib3/connection.py:204: in _new_conn
    sock = connection.create_connection(
/root/.venv/lib/python3.11/site-packages/urllib3/util/connection.py:85: in create_connection
    raise err
/root/.venv/lib/python3.11/site-packages/urllib3/util/connection.py:73: in create_connection
    sock.connect(sa)
E   TimeoutError: timed out

The above exception was the direct cause of the following exception:
/root/.venv/lib/python3.11/site-packages/urllib3/connectionpool.py:788: in urlopen
    response = self._make_request(
/root/.venv/lib/python3.11/site-packages/urllib3/connectionpool.py:488: in _make_request
    raise new_e
/root/.venv/lib/python3.11/site-packages/urllib3/connectionpool.py:464: in _make_request
    self._validate_conn(conn)
/root/.venv/lib/python3.11/site-packages/urllib3/connectionpool.py:1106: in _validate_conn
    conn.connect()
/root/.venv/lib/python3.11/site-packages/urllib3/connection.py:759: in connect
    self.sock = sock = self._new_conn()
                       ^^^^^^^^^^^^^^^^
/root/.venv/lib/python3.11/site-packages/urllib3/connection.py:213: in _new_conn
    raise ConnectTimeoutError(
E   urllib3.exceptions.ConnectTimeoutError: (&lt;HTTPSConnection(host='level-up-hub-85.preview.emergentagent.com', port=443) at 0xff90e6e8add0&gt;, 'Connection to level-up-hub-85.preview.emergentagent.com timed out. (connect timeout=15)')

The above exception was the direct cause of the following exception:
/root/.venv/lib/python3.11/site-packages/requests/adapters.py:696: in send
    resp = conn.urlopen(
/root/.venv/lib/python3.11/site-packages/urllib3/connectionpool.py:842: in urlopen
    retries = retries.increment(
/root/.venv/lib/python3.11/site-packages/urllib3/util/retry.py:543: in increment
    raise MaxRetryError(_pool, url, reason) from reason  # type: ignore[arg-type]
    ^^^^^^^^^^^^^^^^^^^^^^^^^^^^^^^^^^^^^^^^^^^^^^^^^^^
E   urllib3.exceptions.MaxRetryError: HTTPSConnectionPool(host='level-up-hub-85.preview.emergentagent.com', port=443): Max retries exceeded with url: /api/conversations/conv_3f2a146528c7/messages (Caused by ConnectTimeoutError(&lt;HTTPSConnection(host='level-up-hub-85.preview.emergentagent.com', port=443) at 0xff90e6e8add0&gt;, 'Connection to level-up-hub-85.preview.emergentagent.com timed out. (connect timeout=15)'))

During handling of the above exception, another exception occurred:
backend/tests/test_iteration9_reactions_voice.py:467: in test_block_prevents_voice_both_directions
    r = requests.post(f"{API}/conversations/{cid}/messages",
/root/.venv/lib/python3.11/site-packages/requests/api.py:134: in post
    return request("post", url, data=data, json=json, **kwargs)
           ^^^^^^^^^^^^^^^^^^^^^^^^^^^^^^^^^^^^^^^^^^^^^^^^^^^^
/root/.venv/lib/python3.11/site-packages/requests/api.py:71: in request
    return session.request(method=method, url=url, **kwargs)
           ^^^^^^^^^^^^^^^^^^^^^^^^^^^^^^^^^^^^^^^^^^^^^^^^^
/root/.venv/lib/python3.11/site-packages/requests/sessions.py:651: in request
    resp = self.send(prep, **send_kwargs)
           ^^^^^^^^^^^^^^^^^^^^^^^^^^^^^^
/root/.venv/lib/python3.11/site-packages/requests/sessions.py:784: in send
    r = adapter.send(request, **kwargs)
        ^^^^^^^^^^^^^^^^^^^^^^^^^^^^^^^
/root/.venv/lib/python3.11/site-packages/requests/adapters.py:717: in send
    raise ConnectTimeout(e, request=request)
E   requests.exceptions.ConnectTimeout: HTTPSConnectionPool(host='level-up-hub-85.preview.emergentagent.com', port=443): Max retries exceeded with url: /api/conversations/conv_3f2a146528c7/messages (Caused by ConnectTimeoutError(&lt;HTTPSConnection(host='level-up-hub-85.preview.emergentagent.com', port=443) at 0xff90e6e8add0&gt;, 'Connection to level-up-hub-85.preview.emergentagent.com timed out. (connect timeout=15)'))</failure></testcase></testsuite></testsuites>