<?xml version="1.0" encoding="utf-8"?><testsuites name="pytest tests"><testsuite name="pytest" errors="0" failures="0" skipped="0" tests="62" time="10.019" timestamp="2026-09-07T05:56:31.245661+00:00" hostname="agent-env-9686cb17-f4f8-4817-b7d5-4867bd0172af"><testcase classname="tests.backend_test.TestAuth" name="test_root" time="0.190" /><testcase classname="tests.backend_test.TestUsersAndMeta" name="test_meta_options" time="0.248" /><testcase classname="tests.backend_test.TestAuth" name="test_signup_and_duplicate" time="0.163" /><testcase classname="tests.backend_test.TestUsersAndMeta" name="test_search_users_marcus" time="0.100" /><testcase classname="tests.backend_test.TestUsersAndMeta" name="test_get_user_and_follow_toggle" time="0.405" /><testcase classname="tests.backend_test.TestAuth" name="test_login_demo_ok" time="0.096" /><testcase classname="tests.backend_test.TestAuth" name="test_login_bad_password" time="0.136" /><testcase classname="tests.backend_test.TestAuth" name="test_me_ok" time="0.061" /><testcase classname="tests.backend_test.TestAuth" name="test_me_no_token" time="0.058" /><testcase classname="tests.backend_test.TestUsersAndMeta" name="test_followers_and_following" time="0.119" /><testcase classname="tests.backend_test.TestAuth" name="test_forgot_and_reset_password" time="0.456" /><testcase classname="tests.backend_test.TestUsersAndMeta" name="test_stories" time="0.062" /><testcase classname="tests.backend_test.TestUsersAndMeta" name="test_update_me_and_username_conflict" time="0.257" /><testcase classname="tests.backend_test.TestUsersAndMeta" name="test_user_posts_tabs" time="0.285" /><testcase classname="tests.test_edit_and_comment_mentions.TestEditPost" name="test_edit_by_author_updates_text_and_edited_at" time="0.514" /><testcase classname="tests.test_range_and_mentions.TestVideoRange" name="test_full_get_returns_200_with_content_length" time="0.711" /><testcase classname="tests.test_range_and_mentions.TestVideoRange" name="test_head_returns_200_no_body" time="0.064" /><testcase classname="tests.test_range_and_mentions.TestVideoRange" name="test_range_first_1024" time="0.101" /><testcase classname="tests.test_edit_and_comment_mentions.TestEditPost" name="test_edit_only_stores_selected_valid_mentions_whose_handle_in_text" time="0.309" /><testcase classname="tests.test_range_and_mentions.TestVideoRange" name="test_range_suffix_last_500" time="0.061" /><testcase classname="tests.test_range_and_mentions.TestVideoRange" name="test_range_invalid_returns_416" time="0.062" /><testcase classname="tests.test_range_and_mentions.TestVideoRange" name="test_range_head_no_body" time="0.060" /><testcase classname="tests.test_range_and_mentions.TestVideoRange" name="test_existing_seed_video_range" time="0.360" /><testcase classname="tests.test_edit_and_comment_mentions.TestEditPost" name="test_edit_by_other_user_returns_403" time="0.224" /><testcase classname="tests.test_edit_and_comment_mentions.TestEditPost" name="test_edit_empty_text_on_text_only_post_returns_400" time="0.240" /><testcase classname="tests.test_range_and_mentions.TestRegressionSmoke" name="test_feed_has_mentioned_users" time="0.064" /><testcase classname="tests.test_range_and_mentions.TestRegressionSmoke" name="test_like_bookmark_gif_comment_flow" time="0.453" /><testcase classname="tests.test_edit_and_comment_mentions.TestEditPost" name="test_edit_empty_text_allowed_when_post_has_media" time="0.360" /><testcase classname="tests.test_range_and_mentions.TestRegressionSmoke" name="test_gifs_trending" time="0.210" /><testcase classname="tests.test_edit_and_comment_mentions.TestEditPost" name="test_delete_still_works_after_edit_and_get_404" time="1.028" /><testcase classname="tests.test_range_and_mentions.TestRegressionSmoke" name="test_conversations_and_message" time="0.259" /><testcase classname="tests.test_range_and_mentions.TestRegressionSmoke" name="test_stories" time="0.066" /><testcase classname="tests.test_range_and_mentions.TestRegressionSmoke" name="test_put_me_bio" time="0.068" /><testcase classname="tests.test_edit_and_comment_mentions.TestCommentMentions" name="test_comment_with_mention_returns_mentioned_users" time="0.380" /><testcase classname="tests.test_edit_and_comment_mentions.TestCommentMentions" name="test_comment_with_empty_mentions_field_produces_empty_mentioned_users" time="0.126" /><testcase classname="tests.test_edit_and_comment_mentions.TestCommentMentions" name="test_reply_with_mention_works" time="0.277" /><testcase classname="tests.test_upload_fix.TestRegressionSmoke" name="test_feed" time="0.210" /><testcase classname="tests.test_upload_fix.TestRegressionSmoke" name="test_like_toggle" time="0.188" /><testcase classname="tests.test_edit_and_comment_mentions.TestCommentMentions" name="test_get_comments_returns_mentioned_users_per_comment" time="0.488" /><testcase classname="tests.test_upload_fix.TestRegressionSmoke" name="test_comment_with_gif_url" time="0.304" /><testcase classname="tests.test_upload_fix.TestRegressionSmoke" name="test_gifs_trending" time="0.120" /><testcase classname="tests.test_edit_and_comment_mentions.TestCommentMentions" name="test_comment_selected_only_valid_and_handle_in_text" time="0.896" /><testcase classname="tests.test_upload_fix.TestRegressionSmoke" name="test_conversations_list" time="0.067" /><testcase classname="tests.test_upload_fix.TestRegressionSmoke" name="test_stories" time="0.061" /><testcase classname="tests.test_upload_fix.TestUploadAsyncShape" name="test_jpeg_with_extra_filename_param" time="0.863" /><testcase classname="tests.test_upload_fix.TestUploadAsyncShape" name="test_mp4_video_upload" time="0.653" /><testcase classname="tests.test_range_and_mentions.TestMentions" name="test_selected_only_stored" time="0.617" /><testcase classname="tests.test_range_and_mentions.TestMentions" name="test_empty_mentions_field_disables_auto_resolution" time="0.076" /><testcase classname="tests.test_range_and_mentions.TestMentions" name="test_fake_id_dropped" time="0.074" /><testcase classname="tests.test_upload_fix.TestUploadAsyncShape" name="test_mov_quicktime_upload" time="0.289" /><testcase classname="tests.test_range_and_mentions.TestMentions" name="test_valid_id_but_handle_not_in_text_dropped" time="0.145" /><testcase classname="tests.test_range_and_mentions.TestMentions" name="test_feed_returns_mentioned_users_field" time="0.516" /><testcase classname="tests.test_upload_fix.TestUploadAsyncShape" name="test_reject_unsupported_type" time="0.057" /><testcase classname="tests.backend_test.TestPosts" name="test_feed_all_and_following" time="0.113" /><testcase classname="tests.backend_test.TestPosts" name="test_create_get_like_bookmark_share_delete_flow" time="0.703" /><testcase classname="tests.backend_test.TestGifs" name="test_trending" time="0.155" /><testcase classname="tests.backend_test.TestGifs" name="test_search" time="0.140" /><testcase classname="tests.backend_test.TestUpload" name="test_upload_png_and_fetch" time="0.385" /><testcase classname="tests.backend_test.TestComments" name="test_comment_reply_and_like" time="0.575" /><testcase classname="tests.test_upload_fix.TestMediaPersistsAcrossUsers" name="test_post_with_uploaded_media_visible_to_other_user" time="0.950" /><testcase classname="tests.backend_test.TestChat" name="test_conversation_and_messages" time="0.437" /><testcase classname="tests.test_upload_fix.TestProfileMedia" name="test_avatar_and_cover_reflected_everywhere" time="0.683" /></testsuite></testsuites>