<?xml version="1.0" encoding="utf-8"?><testsuites name="pytest tests"><testsuite name="pytest" errors="0" failures="0" skipped="0" tests="12" time="3.269" timestamp="2026-09-08T21:25:39.415742+00:00" hostname="agent-env-9686cb17-f4f8-4817-b7d5-4867bd0172af"><testcase classname="tests.test_iteration13_legal_compliance.TestMeFlagsAndDeletion" name="test_auth_me_returns_flags" time="0.623" /><testcase classname="tests.test_iteration13_legal_compliance.TestSignupConsent" name="test_signup_missing_both_consent_fields_422" time="0.254" /><testcase classname="tests.test_iteration13_legal_compliance.TestSignupConsent" name="test_signup_age_confirmed_only_422" time="0.143" /><testcase classname="tests.test_iteration13_legal_compliance.TestSignupConsent" name="test_signup_terms_only_422" time="0.173" /><testcase classname="tests.test_iteration13_legal_compliance.TestSignupConsent" name="test_signup_valid_consent_returns_token_and_user" time="0.328" /><testcase classname="tests.test_iteration13_legal_compliance.TestMeFlagsAndDeletion" name="test_put_me_persists_trading_disclaimer_flag" time="0.619" /><testcase classname="tests.test_iteration13_legal_compliance.TestRegressionDemoAccount" name="test_demo_login_still_works" time="0.186" /><testcase classname="tests.test_iteration13_legal_compliance.TestRegressionDemoAccount" name="test_demo_me_has_flags" time="0.274" /><testcase classname="tests.test_iteration13_legal_compliance.TestMeFlagsAndDeletion" name="test_put_me_persists_mingle_safety_flag" time="0.451" /><testcase classname="tests.test_iteration13_legal_compliance.TestRegressionDemoAccount" name="test_demo_posts_feed_still_works" time="0.254" /><testcase classname="tests.test_iteration13_legal_compliance.TestRegressionDemoAccount" name="test_demo_membership_still_works" time="1.313" /><testcase classname="tests.test_iteration13_legal_compliance.TestMeFlagsAndDeletion" name="test_delete_account_soft_deletes_and_login_fails" time="0.568" /></testsuite></testsuites>