<?xml version="1.0" encoding="utf-8"?><testsuites name="pytest tests"><testsuite name="pytest" errors="0" failures="0" skipped="0" tests="46" time="8.775" timestamp="2026-09-07T18:57:33.881082+00:00" hostname="agent-env-9686cb17-f4f8-4817-b7d5-4867bd0172af"><testcase classname="tests.test_iteration8_mingle_feed_blocks.TestMingleFeedGating" name="test_free_tier_get_402" time="0.992" /><testcase classname="tests.test_iteration8_mingle_feed_blocks.TestMingleFeedGating" name="test_free_tier_post_402" time="0.070" /><testcase classname="tests.test_iteration8_mingle_feed_blocks.TestMingleFeedGating" name="test_premium_no_profile_get_403" time="0.254" /><testcase classname="tests.test_iteration8_mingle_feed_blocks.TestMingleFeedGating" name="test_premium_no_profile_post_403" time="0.070" /><testcase classname="tests.test_iteration8_mingle_feed_blocks.TestMingleFeedGating" name="test_empty_body_400" time="0.132" /><testcase classname="tests.test_iteration8_mingle_feed_blocks.TestMingleFeedCreate" name="test_create_and_list" time="0.129" /><testcase classname="tests.test_iteration8_mingle_feed_blocks.TestIsolation" name="test_main_feed_excludes_mingle" time="0.134" /><testcase classname="tests.test_iteration8_mingle_feed_blocks.TestIsolation" name="test_user_posts_tabs_exclude_mingle" time="0.136" /><testcase classname="tests.test_iteration8_mingle_feed_blocks.TestIsolation" name="test_bookmark_saved_excludes_mingle" time="0.277" /><testcase classname="tests.test_iteration8_mingle_feed_blocks.TestIsolation" name="test_stories_endpoint_excludes_mingle" time="0.072" /><testcase classname="tests.test_iteration8_mingle_feed_blocks.TestIsolation" name="test_get_post_by_id_gating" time="0.131" /><testcase classname="tests.test_iteration8_mingle_feed_blocks.TestIsolation" name="test_main_post_creation_still_works" time="0.184" /><testcase classname="tests.test_iteration8_mingle_feed_blocks.TestMingleLikeComment" name="test_member_like" time="0.069" /><testcase classname="tests.test_iteration8_mingle_feed_blocks.TestMingleLikeComment" name="test_member_comment_ignores_mentions" time="0.072" /><testcase classname="tests.test_iteration8_mingle_feed_blocks.TestMingleLikeComment" name="test_list_comments_shape" time="0.086" /><testcase classname="tests.test_iteration8_mingle_feed_blocks.TestMingleLikeComment" name="test_non_member_like_403" time="0.063" /><testcase classname="tests.test_iteration8_mingle_feed_blocks.TestMingleLikeComment" name="test_non_member_comment_403" time="0.064" /><testcase classname="tests.test_iteration8_mingle_feed_blocks.TestMingleLikeComment" name="test_notifications_use_mingle_identity" time="0.076" /><testcase classname="tests.test_iteration8_mingle_feed_blocks.TestMemberView" name="test_is_me" time="0.073" /><testcase classname="tests.test_iteration8_mingle_feed_blocks.TestMemberView" name="test_mutual_mingle_and_member_view" time="0.284" /><testcase classname="tests.test_iteration8_mingle_feed_blocks.TestBlockUnblock" name="test_b_creates_post_first" time="0.110" /><testcase classname="tests.test_iteration8_mingle_feed_blocks.TestBlockUnblock" name="test_block_creates_entry" time="0.065" /><testcase classname="tests.test_iteration8_mingle_feed_blocks.TestBlockUnblock" name="test_blocks_list_shape" time="0.063" /><testcase classname="tests.test_iteration8_mingle_feed_blocks.TestBlockUnblock" name="test_connections_hidden_both_sides" time="0.142" /><testcase classname="tests.test_iteration8_mingle_feed_blocks.TestBlockUnblock" name="test_b_post_hidden_from_a_feed" time="0.108" /><testcase classname="tests.test_iteration8_mingle_feed_blocks.TestBlockUnblock" name="test_b_post_detail_404_for_a" time="0.063" /><testcase classname="tests.test_iteration8_mingle_feed_blocks.TestBlockUnblock" name="test_messaging_blocked_both_ways" time="0.201" /><testcase classname="tests.test_iteration8_mingle_feed_blocks.TestBlockUnblock" name="test_member_view_404_for_blocked" time="0.069" /><testcase classname="tests.test_iteration8_mingle_feed_blocks.TestBlockUnblock" name="test_discover_excludes_blocked" time="0.067" /><testcase classname="tests.test_iteration8_mingle_feed_blocks.TestBlockUnblock" name="test_unblock_and_second_404" time="0.130" /><testcase classname="tests.test_iteration8_mingle_feed_blocks.TestBlockUnblock" name="test_connection_not_restored_after_unblock" time="0.131" /><testcase classname="tests.test_iteration8_mingle_feed_blocks.TestBlockUnblock" name="test_member_view_after_unblock_connection_null" time="0.074" /><testcase classname="tests.test_iteration8_mingle_feed_blocks.TestBlockUnblock" name="test_messaging_works_after_unblock" time="0.098" /><testcase classname="tests.test_iteration8_mingle_feed_blocks.TestMingleRegression" name="test_get_me" time="0.071" /><testcase classname="tests.test_iteration8_mingle_feed_blocks.TestMingleRegression" name="test_put_me_4_photos" time="0.231" /><testcase classname="tests.test_iteration8_mingle_feed_blocks.TestMingleRegression" name="test_discover" time="0.069" /><testcase classname="tests.test_iteration8_mingle_feed_blocks.TestMingleRegression" name="test_actions_hi_creates_conversation_with_system_msg" time="0.833" /><testcase classname="tests.test_iteration8_mingle_feed_blocks.TestMingleRegression" name="test_inbox_shape" time="0.064" /><testcase classname="tests.test_iteration8_mingle_feed_blocks.TestMingleRegression" name="test_connections_shape" time="0.072" /><testcase classname="tests.test_iteration8_mingle_feed_blocks.TestMingleRegression" name="test_delete_connection" time="0.776" /><testcase classname="tests.test_iteration8_mingle_feed_blocks.TestMingleRegression" name="test_report" time="0.063" /><testcase classname="tests.test_iteration8_mingle_feed_blocks.TestMingleRegression" name="test_status_toggle" time="0.070" /><testcase classname="tests.test_iteration8_mingle_feed_blocks.TestMingleRegression" name="test_delete_me_throwaway" time="0.421" /><testcase classname="tests.test_iteration8_mingle_feed_blocks.TestMainRegression" name="test_posts_crud_and_mentions_resolve_on_main" time="0.484" /><testcase classname="tests.test_iteration8_mingle_feed_blocks.TestMainRegression" name="test_notifications_endpoint" time="0.064" /><testcase classname="tests.test_iteration8_mingle_feed_blocks.TestMainRegression" name="test_membership_endpoint" time="0.739" /></testsuite></testsuites>