<?xml version="1.0" encoding="utf-8"?><testsuites name="pytest tests"><testsuite name="pytest" errors="0" failures="0" skipped="0" tests="11" time="1.793" timestamp="2026-09-09T05:07:21.090490+00:00" hostname="agent-env-9686cb17-f4f8-4817-b7d5-4867bd0172af"><testcase classname="tests.test_iteration18_founding_member_admin_users.TestAdminUsersEndpoint" name="test_no_token_returns_401" time="0.208" /><testcase classname="tests.test_iteration18_founding_member_admin_users.TestAdminUsersEndpoint" name="test_invalid_token_returns_401" time="0.081" /><testcase classname="tests.test_iteration18_founding_member_admin_users.TestBillingRegression" name="test_membership_endpoint_still_works" time="0.346" /><testcase classname="tests.test_iteration18_founding_member_admin_users.TestBillingRegression" name="test_checkout_link_returns_url_or_503_if_unconfigured" time="0.103" /><testcase classname="tests.test_iteration18_founding_member_admin_users.TestAdminUsersEndpoint" name="test_non_admin_returns_403" time="0.161" /><testcase classname="tests.test_iteration18_founding_member_admin_users.TestBillingRegression" name="test_billing_portal_no_customer_returns_400" time="0.059" /><testcase classname="tests.test_iteration18_founding_member_admin_users.TestBillingRegression" name="test_stripe_webhook_invalid_signature_returns_400" time="0.062" /><testcase classname="tests.test_iteration18_founding_member_admin_users.TestAdminUsersEndpoint" name="test_admin_returns_200_with_valid_shape" time="0.211" /><testcase classname="tests.test_iteration18_founding_member_admin_users.TestFoundingMemberBadgeDataFlow" name="test_founding_member_flag_flows_to_post_author" time="0.513" /><testcase classname="tests.test_iteration18_founding_member_admin_users.TestFoundingMemberBadgeDataFlow" name="test_public_user_profile_includes_founding_flag" time="0.064" /><testcase classname="tests.test_iteration18_founding_member_admin_users.TestFoundingMemberBadgeDataFlow" name="test_admin_users_lists_founding_member_flag" time="0.071" /></testsuite></testsuites>