<?xml version="1.0" encoding="utf-8"?><testsuites name="pytest tests"><testsuite name="pytest" errors="0" failures="0" skipped="0" tests="17" time="5.508" timestamp="2026-09-08T02:43:56.593216+00:00" hostname="agent-env-9686cb17-f4f8-4817-b7d5-4867bd0172af"><testcase classname="tests.test_iteration11_trading_only.TestTradingOnlyDemo" name="test_01_login_demo" time="0.312" /><testcase classname="tests.test_iteration11_trading_only.TestTradingOnlyDemo" name="test_02_create_trading_post" time="0.109" /><testcase classname="tests.test_iteration11_trading_only.TestTradingOnlyDemo" name="test_03_trading_feed_contains_it" time="0.120" /><testcase classname="tests.test_iteration11_trading_only.TestTradingOnlyDemo" name="test_04_main_feed_excludes_trading" time="0.285" /><testcase classname="tests.test_iteration11_trading_only.TestTradingOnlyDemo" name="test_05_user_posts_excludes_trading" time="0.121" /><testcase classname="tests.test_iteration11_trading_only.TestTradingOnlyDemo" name="test_06_get_by_id_ok_for_demo" time="0.118" /><testcase classname="tests.test_iteration11_trading_only.TestTradingOnlyDemo" name="test_07_react_fire" time="0.135" /><testcase classname="tests.test_iteration11_trading_only.TestTradingOnlyDemo" name="test_08_comment_with_mention" time="0.143" /><testcase classname="tests.test_iteration11_trading_only.TestTradingOnlyDemo" name="test_09_share" time="0.120" /><testcase classname="tests.test_iteration11_trading_only.TestTradingOnlyDemo" name="test_10_bookmark_and_saved_includes_it" time="0.280" /><testcase classname="tests.test_iteration11_trading_only.TestTradingOnlyDemo" name="test_11_main_regression_no_space" time="0.169" /><testcase classname="tests.test_iteration11_trading_only.TestTradingOnlyGating" name="test_12_free_cannot_list_trading" time="0.423" /><testcase classname="tests.test_iteration11_trading_only.TestTradingOnlyGating" name="test_13_free_cannot_post_trading" time="0.120" /><testcase classname="tests.test_iteration11_trading_only.TestTradingOnlyGating" name="test_14_free_cannot_get_trading_post" time="0.121" /><testcase classname="tests.test_iteration11_trading_only.TestTradingOnlyGating" name="test_15_activate_then_all_ok" time="0.473" /><testcase classname="tests.test_iteration11_trading_only.TestTradingOnlyGating" name="test_16_membership_features_trading_only" time="0.142" /><testcase classname="tests.test_iteration11_trading_only.TestTradingNotifications" name="test_17_notifications_normal_identity" time="2.240" /></testsuite></testsuites>