<?xml version="1.0" encoding="utf-8"?><testsuites name="pytest tests"><testsuite name="pytest" errors="0" failures="0" skipped="0" tests="11" time="3.805" timestamp="2026-09-07T05:56:23.220493+00:00" hostname="agent-env-9686cb17-f4f8-4817-b7d5-4867bd0172af"><testcase classname="tests.test_edit_and_comment_mentions.TestCommentMentions" name="test_comment_with_mention_returns_mentioned_users" time="0.523" /><testcase classname="tests.test_edit_and_comment_mentions.TestEditPost" name="test_edit_by_author_updates_text_and_edited_at" time="0.845" /><testcase classname="tests.test_edit_and_comment_mentions.TestCommentMentions" name="test_comment_with_empty_mentions_field_produces_empty_mentioned_users" time="0.166" /><testcase classname="tests.test_edit_and_comment_mentions.TestCommentMentions" name="test_reply_with_mention_works" time="0.300" /><testcase classname="tests.test_edit_and_comment_mentions.TestEditPost" name="test_edit_only_stores_selected_valid_mentions_whose_handle_in_text" time="0.625" /><testcase classname="tests.test_edit_and_comment_mentions.TestCommentMentions" name="test_get_comments_returns_mentioned_users_per_comment" time="0.430" /><testcase classname="tests.test_edit_and_comment_mentions.TestCommentMentions" name="test_comment_selected_only_valid_and_handle_in_text" time="0.890" /><testcase classname="tests.test_edit_and_comment_mentions.TestEditPost" name="test_edit_by_other_user_returns_403" time="0.356" /><testcase classname="tests.test_edit_and_comment_mentions.TestEditPost" name="test_edit_empty_text_on_text_only_post_returns_400" time="0.352" /><testcase classname="tests.test_edit_and_comment_mentions.TestEditPost" name="test_edit_empty_text_allowed_when_post_has_media" time="0.418" /><testcase classname="tests.test_edit_and_comment_mentions.TestEditPost" name="test_delete_still_works_after_edit_and_get_404" time="0.889" /></testsuite></testsuites>