<?xml version="1.0" encoding="utf-8"?><testsuites name="pytest tests"><testsuite name="pytest" errors="0" failures="0" skipped="0" tests="13" time="3.368" timestamp="2026-09-07T08:08:07.644706+00:00" hostname="agent-env-9686cb17-f4f8-4817-b7d5-4867bd0172af"><testcase classname="tests.test_mingle.TestMingleProfileBasics" name="test_me_fresh_null" time="0.632" /><testcase classname="tests.test_mingle.TestMingleDiscover" name="test_seeded_visible" time="0.673" /><testcase classname="tests.test_mingle.TestMingleProfileBasics" name="test_discover_forbidden_without_profile" time="0.182" /><testcase classname="tests.test_mingle.TestMingleDiscover" name="test_filter_trader_type_futures" time="0.138" /><testcase classname="tests.test_mingle.TestMingleDiscover" name="test_filter_min_age_30" time="0.114" /><testcase classname="tests.test_mingle.TestMingleProfileBasics" name="test_put_underage_rejected" time="0.183" /><testcase classname="tests.test_mingle.TestMingleDiscover" name="test_filter_location_austin" time="0.119" /><testcase classname="tests.test_mingle.TestMingleProfileBasics" name="test_put_valid_returns_profile" time="0.182" /><testcase classname="tests.test_mingle.TestMingleDiscover" name="test_filter_looking_for_dating" time="0.104" /><testcase classname="tests.test_mingle.TestMingleMutualMatch" name="test_mutual_flow" time="1.096" /><testcase classname="tests.test_mingle.TestMingleMeta" name="test_meta" time="0.082" /><testcase classname="tests.test_mingle.TestMinglePrivacyAndSafety" name="test_full_privacy_flow" time="1.649" /><testcase classname="tests.test_mingle.TestMingleBadge" name="test_badge_toggle_via_user_detail" time="0.780" /></testsuite></testsuites>