<?xml version="1.0" encoding="utf-8"?><testsuites name="pytest tests"><testsuite name="pytest" errors="0" failures="1" skipped="0" tests="26" time="12.196" timestamp="2026-09-07T23:03:35.340701+00:00" hostname="agent-env-9686cb17-f4f8-4817-b7d5-4867bd0172af"><testcase classname="tests.test_iteration10_accountability.TestAccountabilityE2E" name="test_01_demo_login_and_gating" time="2.566" /><testcase classname="tests.test_iteration10_accountability.TestAccountabilityE2E" name="test_02_browse_before_profile_seeded" time="0.147" /><testcase classname="tests.test_iteration10_accountability.TestAccountabilityE2E" name="test_03_profile_and_defaults" time="0.141" /><testcase classname="tests.test_iteration10_accountability.TestAccountabilityE2E" name="test_04_invalid_session_400" time="0.132" /><testcase classname="tests.test_iteration10_accountability.TestAccountabilityE2E" name="test_05_b_profile" time="0.179" /><testcase classname="tests.test_iteration10_accountability.TestAccountabilityE2E" name="test_06_send_request_self_and_duplicate" time="0.417" /><testcase classname="tests.test_iteration10_accountability.TestAccountabilityE2E" name="test_07_incoming_outgoing_visible" time="0.375" /><testcase classname="tests.test_iteration10_accountability.TestAccountabilityE2E" name="test_08_accept_creates_partnership" time="0.443" /><testcase classname="tests.test_iteration10_accountability.TestAccountabilityE2E" name="test_09_second_request_blocked_when_paired" time="0.318" /><testcase classname="tests.test_iteration10_accountability.TestAccountabilityE2E" name="test_10_end_partnership" time="0.254" /><testcase classname="tests.test_iteration10_accountability.TestAccountabilityE2E" name="test_11_decline_path" time="0.379" /><testcase classname="tests.test_iteration10_accountability.TestAccountabilityE2E" name="test_12_block_prevents_requests_symmetric" time="0.522" /><testcase classname="tests.test_iteration10_accountability.TestAccountabilityE2E" name="test_13_partner_sessions_hidden_when_blocked_after_pairing" time="0.913" /><testcase classname="tests.test_iteration10_accountability.TestAccountabilityE2E" name="test_14_plan_save_and_persist" time="0.248" /><testcase classname="tests.test_iteration10_accountability.TestAccountabilityE2E" name="test_15_session_bad_behaviour" time="0.177" /><testcase classname="tests.test_iteration10_accountability.TestAccountabilityE2E" name="test_16_session_perfect_no_date" time="0.114" /><testcase classname="tests.test_iteration10_accountability.TestAccountabilityE2E" name="test_17_session_past_date_pydantic_bug" time="0.124"><failure message="AssertionError: BACKEND BUG: past-date sessions rejected due to field-name/type shadow in routes_accountability.SessionBody.date. Response: 422 {&quot;detail&quot;:[{&quot;type&quot;:&quot;none_required&quot;,&quot;loc&quot;:[&quot;body&quot;,&quot;date&quot;],&quot;msg&quot;:&quot;Input should be None&quot;,&quot;input&quot;:&quot;2026-06-01&quot;,&quot;url&quot;:&quot;https://errors.pydantic.dev/2.13/v/none_required&quot;}]}&#10;assert 422 == 201&#10; +  where 422 = &lt;Response [422]&gt;.status_code">backend/tests/test_iteration10_accountability.py:269: in test_17_session_past_date_pydantic_bug
    assert r.status_code == 201, (
E   AssertionError: BACKEND BUG: past-date sessions rejected due to field-name/type shadow in routes_accountability.SessionBody.date. Response: 422 {"detail":[{"type":"none_required","loc":["body","date"],"msg":"Input should be None","input":"2026-06-01","url":"https://errors.pydantic.dev/2.13/v/none_required"}]}
E   assert 422 == 201
E    +  where 422 = &lt;Response [422]&gt;.status_code</failure></testcase><testcase classname="tests.test_iteration10_accountability.TestAccountabilityE2E" name="test_18_invalid_mood_400" time="0.121" /><testcase classname="tests.test_iteration10_accountability.TestAccountabilityE2E" name="test_19_session_without_plan_400" time="0.158" /><testcase classname="tests.test_iteration10_accountability.TestAccountabilityE2E" name="test_20_plan_edit_snapshots_preserved" time="0.392" /><testcase classname="tests.test_iteration10_accountability.TestAccountabilityE2E" name="test_21_get_session_and_cross_user_404" time="0.462" /><testcase classname="tests.test_iteration10_accountability.TestAccountabilityE2E" name="test_22_progress_metrics" time="0.123" /><testcase classname="tests.test_iteration10_accountability.TestAccountabilityE2E" name="test_23_sharing_privacy" time="1.302" /><testcase classname="tests.test_iteration10_accountability.TestAccountabilityE2E" name="test_24_no_leaks_public_feeds" time="0.449" /><testcase classname="tests.test_iteration10_accountability.TestAccountabilityE2E" name="test_25_user_posts_no_accountability" time="0.137" /><testcase classname="tests.test_iteration10_accountability.TestAccountabilityE2E" name="test_26_demo_plan_and_sessions_preserved" time="1.192" /></testsuite></testsuites>