<?xml version="1.0" encoding="utf-8"?><testsuites name="pytest tests"><testsuite name="pytest" errors="0" failures="0" skipped="0" tests="13" time="1.382" timestamp="2026-09-09T03:50:58.397939+00:00" hostname="agent-env-9686cb17-f4f8-4817-b7d5-4867bd0172af"><testcase classname="tests.test_iteration17_stripe_billing.TestStripeWebhook" name="test_invalid_signature_rejected" time="0.302" /><testcase classname="tests.test_iteration17_stripe_billing.TestStripeWebhook" name="test_missing_signature_rejected" time="0.060" /><testcase classname="tests.test_iteration17_stripe_billing.TestCheckoutLink" name="test_checkout_link_returns_valid_stripe_url" time="0.521" /><testcase classname="tests.test_iteration17_stripe_billing.TestStripeWebhook" name="test_server_still_healthy_after_bad_webhook" time="0.213" /><testcase classname="tests.test_iteration17_stripe_billing.TestCheckoutLink" name="test_checkout_link_requires_auth" time="0.112" /><testcase classname="tests.test_iteration17_stripe_billing.TestBillingWaitlistRegression" name="test_notify_billing_still_works" time="0.062" /><testcase classname="tests.test_iteration17_stripe_billing.TestCheckoutLink" name="test_checkout_link_creates_unique_token_each_call" time="0.143" /><testcase classname="tests.test_iteration17_stripe_billing.TestBillingWaitlistRegression" name="test_admin_billing_waitlist_accessible_by_admin" time="0.202" /><testcase classname="tests.test_iteration17_stripe_billing.TestMembershipPlans" name="test_plans_array_is_monthly_only" time="0.073" /><testcase classname="tests.test_iteration17_stripe_billing.TestBillingWaitlistRegression" name="test_admin_billing_waitlist_forbidden_for_non_admin" time="0.058" /><testcase classname="tests.test_iteration17_stripe_billing.TestMembershipPlans" name="test_membership_requires_auth" time="0.111" /><testcase classname="tests.test_iteration17_stripe_billing.TestBillingPortal" name="test_portal_no_subscription_returns_400" time="0.106" /><testcase classname="tests.test_iteration17_stripe_billing.TestBillingPortal" name="test_portal_requires_auth" time="0.056" /></testsuite></testsuites>