<?xml version="1.0" encoding="utf-8"?><testsuites name="pytest tests"><testsuite name="pytest" errors="0" failures="0" skipped="0" tests="21" time="6.113" timestamp="2026-09-06T16:05:58.517799+00:00" hostname="agent-env-9686cb17-f4f8-4817-b7d5-4867bd0172af"><testcase classname="tests.backend_test.TestAuth" name="test_root" time="0.372" /><testcase classname="tests.backend_test.TestUsersAndMeta" name="test_meta_options" time="0.412" /><testcase classname="tests.backend_test.TestAuth" name="test_signup_and_duplicate" time="0.278" /><testcase classname="tests.backend_test.TestUsersAndMeta" name="test_search_users_marcus" time="0.089" /><testcase classname="tests.backend_test.TestUsersAndMeta" name="test_get_user_and_follow_toggle" time="0.466" /><testcase classname="tests.backend_test.TestAuth" name="test_login_demo_ok" time="0.157" /><testcase classname="tests.backend_test.TestAuth" name="test_login_bad_password" time="0.152" /><testcase classname="tests.backend_test.TestUsersAndMeta" name="test_followers_and_following" time="0.166" /><testcase classname="tests.backend_test.TestAuth" name="test_me_ok" time="0.085" /><testcase classname="tests.backend_test.TestAuth" name="test_me_no_token" time="0.079" /><testcase classname="tests.backend_test.TestUsersAndMeta" name="test_stories" time="0.078" /><testcase classname="tests.backend_test.TestAuth" name="test_forgot_and_reset_password" time="0.539" /><testcase classname="tests.backend_test.TestUsersAndMeta" name="test_update_me_and_username_conflict" time="0.318" /><testcase classname="tests.backend_test.TestUsersAndMeta" name="test_user_posts_tabs" time="0.380" /><testcase classname="tests.backend_test.TestPosts" name="test_feed_all_and_following" time="0.265" /><testcase classname="tests.backend_test.TestGifs" name="test_trending" time="0.242" /><testcase classname="tests.backend_test.TestPosts" name="test_create_get_like_bookmark_share_delete_flow" time="1.015" /><testcase classname="tests.backend_test.TestGifs" name="test_search" time="0.175" /><testcase classname="tests.backend_test.TestChat" name="test_conversation_and_messages" time="0.527" /><testcase classname="tests.backend_test.TestComments" name="test_comment_reply_and_like" time="0.752" /><testcase classname="tests.backend_test.TestUpload" name="test_upload_png_and_fetch" time="2.017" /></testsuite></testsuites>