<?xml version="1.0" encoding="utf-8"?><testsuites name="pytest tests"><testsuite name="pytest" errors="0" failures="0" skipped="0" tests="33" time="8.765" timestamp="2026-09-07T00:31:33.644041+00:00" hostname="agent-env-9686cb17-f4f8-4817-b7d5-4867bd0172af"><testcase classname="tests.backend_test.TestAuth" name="test_root" time="0.151" /><testcase classname="tests.backend_test.TestAuth" name="test_signup_and_duplicate" time="0.211" /><testcase classname="tests.backend_test.TestUsersAndMeta" name="test_meta_options" time="0.325" /><testcase classname="tests.backend_test.TestUsersAndMeta" name="test_search_users_marcus" time="0.115" /><testcase classname="tests.backend_test.TestAuth" name="test_login_demo_ok" time="0.102" /><testcase classname="tests.backend_test.TestAuth" name="test_login_bad_password" time="0.146" /><testcase classname="tests.backend_test.TestUsersAndMeta" name="test_get_user_and_follow_toggle" time="0.415" /><testcase classname="tests.backend_test.TestAuth" name="test_me_ok" time="0.069" /><testcase classname="tests.backend_test.TestAuth" name="test_me_no_token" time="0.065" /><testcase classname="tests.backend_test.TestAuth" name="test_forgot_and_reset_password" time="0.441" /><testcase classname="tests.backend_test.TestUsersAndMeta" name="test_followers_and_following" time="0.177" /><testcase classname="tests.backend_test.TestUsersAndMeta" name="test_stories" time="0.078" /><testcase classname="tests.backend_test.TestUsersAndMeta" name="test_update_me_and_username_conflict" time="0.363" /><testcase classname="tests.test_upload_fix.TestRegressionSmoke" name="test_feed" time="0.220" /><testcase classname="tests.test_upload_fix.TestRegressionSmoke" name="test_like_toggle" time="0.235" /><testcase classname="tests.backend_test.TestUsersAndMeta" name="test_user_posts_tabs" time="0.370" /><testcase classname="tests.test_upload_fix.TestRegressionSmoke" name="test_comment_with_gif_url" time="0.268" /><testcase classname="tests.test_upload_fix.TestRegressionSmoke" name="test_gifs_trending" time="0.168" /><testcase classname="tests.test_upload_fix.TestUploadAsyncShape" name="test_jpeg_with_extra_filename_param" time="1.110" /><testcase classname="tests.test_upload_fix.TestRegressionSmoke" name="test_conversations_list" time="0.064" /><testcase classname="tests.test_upload_fix.TestRegressionSmoke" name="test_stories" time="0.067" /><testcase classname="tests.backend_test.TestPosts" name="test_feed_all_and_following" time="0.143" /><testcase classname="tests.backend_test.TestPosts" name="test_create_get_like_bookmark_share_delete_flow" time="0.684" /><testcase classname="tests.test_upload_fix.TestUploadAsyncShape" name="test_mp4_video_upload" time="0.897" /><testcase classname="tests.backend_test.TestGifs" name="test_trending" time="0.170" /><testcase classname="tests.backend_test.TestGifs" name="test_search" time="0.169" /><testcase classname="tests.backend_test.TestComments" name="test_comment_reply_and_like" time="0.571" /><testcase classname="tests.test_upload_fix.TestUploadAsyncShape" name="test_mov_quicktime_upload" time="3.180" /><testcase classname="tests.backend_test.TestChat" name="test_conversation_and_messages" time="0.430" /><testcase classname="tests.backend_test.TestUpload" name="test_upload_png_and_fetch" time="0.443" /><testcase classname="tests.test_upload_fix.TestProfileMedia" name="test_avatar_and_cover_reflected_everywhere" time="0.906" /><testcase classname="tests.test_upload_fix.TestUploadAsyncShape" name="test_reject_unsupported_type" time="0.066" /><testcase classname="tests.test_upload_fix.TestMediaPersistsAcrossUsers" name="test_post_with_uploaded_media_visible_to_other_user" time="1.301" /></testsuite></testsuites>