<?xml version="1.0" encoding="utf-8"?><testsuites name="pytest tests"><testsuite name="pytest" errors="0" failures="0" skipped="0" tests="18" time="3.197" timestamp="2026-09-07T02:41:42.569602+00:00" hostname="agent-env-9686cb17-f4f8-4817-b7d5-4867bd0172af"><testcase classname="tests.test_range_and_mentions.TestRegressionSmoke" name="test_feed_has_mentioned_users" time="0.498" /><testcase classname="tests.test_range_and_mentions.TestRegressionSmoke" name="test_like_bookmark_gif_comment_flow" time="0.581" /><testcase classname="tests.test_range_and_mentions.TestVideoRange" name="test_full_get_returns_200_with_content_length" time="0.817" /><testcase classname="tests.test_range_and_mentions.TestVideoRange" name="test_head_returns_200_no_body" time="0.066" /><testcase classname="tests.test_range_and_mentions.TestVideoRange" name="test_range_first_1024" time="0.073" /><testcase classname="tests.test_range_and_mentions.TestVideoRange" name="test_range_suffix_last_500" time="0.070" /><testcase classname="tests.test_range_and_mentions.TestVideoRange" name="test_range_invalid_returns_416" time="0.073" /><testcase classname="tests.test_range_and_mentions.TestRegressionSmoke" name="test_gifs_trending" time="0.256" /><testcase classname="tests.test_range_and_mentions.TestVideoRange" name="test_range_head_no_body" time="0.092" /><testcase classname="tests.test_range_and_mentions.TestVideoRange" name="test_existing_seed_video_range" time="0.405" /><testcase classname="tests.test_range_and_mentions.TestRegressionSmoke" name="test_conversations_and_message" time="0.271" /><testcase classname="tests.test_range_and_mentions.TestRegressionSmoke" name="test_stories" time="0.067" /><testcase classname="tests.test_range_and_mentions.TestMentions" name="test_selected_only_stored" time="0.457" /><testcase classname="tests.test_range_and_mentions.TestRegressionSmoke" name="test_put_me_bio" time="0.065" /><testcase classname="tests.test_range_and_mentions.TestMentions" name="test_empty_mentions_field_disables_auto_resolution" time="0.076" /><testcase classname="tests.test_range_and_mentions.TestMentions" name="test_fake_id_dropped" time="0.078" /><testcase classname="tests.test_range_and_mentions.TestMentions" name="test_valid_id_but_handle_not_in_text_dropped" time="0.142" /><testcase classname="tests.test_range_and_mentions.TestMentions" name="test_feed_returns_mentioned_users_field" time="0.479" /></testsuite></testsuites>