<?xml version="1.0" encoding="utf-8"?><testsuites name="pytest tests"><testsuite name="pytest" errors="0" failures="0" skipped="0" tests="12" time="3.433" timestamp="2026-09-07T00:31:25.393262+00:00" hostname="agent-env-9686cb17-f4f8-4817-b7d5-4867bd0172af"><testcase classname="tests.test_upload_fix.TestRegressionSmoke" name="test_feed" time="0.370" /><testcase classname="tests.test_upload_fix.TestUploadAsyncShape" name="test_jpeg_with_extra_filename_param" time="1.403" /><testcase classname="tests.test_upload_fix.TestRegressionSmoke" name="test_like_toggle" time="0.279" /><testcase classname="tests.test_upload_fix.TestRegressionSmoke" name="test_comment_with_gif_url" time="0.281" /><testcase classname="tests.test_upload_fix.TestRegressionSmoke" name="test_gifs_trending" time="0.255" /><testcase classname="tests.test_upload_fix.TestRegressionSmoke" name="test_conversations_list" time="0.077" /><testcase classname="tests.test_upload_fix.TestRegressionSmoke" name="test_stories" time="0.073" /><testcase classname="tests.test_upload_fix.TestUploadAsyncShape" name="test_mp4_video_upload" time="0.853" /><testcase classname="tests.test_upload_fix.TestMediaPersistsAcrossUsers" name="test_post_with_uploaded_media_visible_to_other_user" time="0.959" /><testcase classname="tests.test_upload_fix.TestUploadAsyncShape" name="test_mov_quicktime_upload" time="0.288" /><testcase classname="tests.test_upload_fix.TestProfileMedia" name="test_avatar_and_cover_reflected_everywhere" time="0.833" /><testcase classname="tests.test_upload_fix.TestUploadAsyncShape" name="test_reject_unsupported_type" time="0.069" /></testsuite></testsuites>